indexing package /home/chip/Testing_repository_x64/libs/libarchive-3.3.3-x86_64-1.txz: OK
indexing package /home/chip/Testing_repository_x64/libs/mpc-1.1.0-x86_64-1.txz: OK
indexing package /home/chip/Testing_repository_x64/libs/libuv-1.28.0-x86_64-4.txz: OK
indexing package /home/chip/Testing_repository_x64/libs/pyxdg-0.25-x86_64-2.txz: OK
indexing package /home/chip/Testing_repository_x64/libs/perl-xml-parser-2.41-x86_64-2.txz: OK
indexing package /home/chip/Testing_repository_x64/libs/libarchive-3.1.2-x86_64-1.txz: OK
indexing package /home/chip/Testing_repository_x64/libs/gmp-6.1.2-x86_64-1.txz: OK
indexing package /home/chip/Testing_repository_x64/libs/mpfr-4.0.2-x86_64-1.txz: OK
indexing package /home/chip/Testing_repository_x64/libs/libmpdclient-2.9-x86_64-1.txz: OK
indexing package /home/chip/Testing_repository_x64/develop/doxygen-1.8.7-x86_64-1.txz: OK
indexing package /home/chip/Testing_repository_x64/develop/python3-3.7.3-x86_64-1.txz: OK
indexing package /home/chip/Testing_repository_x64/develop/cloog-0.18.0-x86_64-3.txz: OK
indexing package /home/chip/Testing_repository_x64/develop/cloog-ppl-0.16.1-x86_64-1.txz: OK
indexing package /home/chip/Testing_repository_x64/develop/valgrind-3.15.0-x86_64-1.txz: OK
indexing package /home/chip/Testing_repository_x64/develop/isl-0.12-x86_64-1.txz: OK
indexing package /home/chip/Testing_repository_x64/develop/cmake-3.6.3-x86_64-1.txz: OK
indexing package /home/chip/Testing_repository_x64/develop/make-4.2.1-x86_64-2.txz: OK
indexing package /home/chip/Testing_repository_x64/develop/bison-3.0.4-x86_64-1.txz: OK
indexing package /home/chip/Testing_repository_x64/console/bc-1.06.95-x86_64-4.txz: OK
indexing package /home/chip/Testing_repository_x64/kde4/audiocd-kio-4.14.2-x86_64-1.txz: OK
indexing package /home/chip/Testing_repository_x64/kde4/juk-4.14.2-x86_64-1.txz: OK
indexing package /home/chip/Testing_repository_x64/kde4/cervisia-4.14.2-x86_64-1.txz: OK
indexing package /home/chip/Testing_repository_x64/kde4/amor-4.14.2-x86_64-1.txz: OK
indexing package /home/chip/Testing_repository_x64/kde4/analitza-4.14.2-x86_64-1.txz: OK
indexing package /home/chip/Testing_repository_x64/kde4/kalgebra-4.14.2-x86_64-1.txz: OK
indexing package /home/chip/Testing_repository_x64/kde4/kaccessible-4.14.2-x86_64-1.txz: OK
indexing package /home/chip/Testing_repository_x64/kde4/ffmpegthumbs-4.14.2-x86_64-1.txz: OK
indexing package /home/chip/Testing_repository_x64/kde4/automoc4-0.9.88-x86_64-3.txz: OK
indexing package /home/chip/Testing_repository_x64/kde4/dragon-4.14.2-x86_64-1.txz: OK
indexing package /home/chip/Testing_repository_x64/kde4/blinken-4.14.2-x86_64-1.txz: OK
indexing package /home/chip/Testing_repository_x64/kde4/ark-4.14.2-x86_64-1.txz: OK
indexing package /home/chip/Testing_repository_x64/kde4/kamera-4.14.2-x86_64-1.txz: OK
indexing package /home/chip/Testing_repository_x64/kde4/kanagram-4.14.2-x86_64-1.txz: OK
indexing package /home/chip/Testing_repository_x64/kde4/filelight-4.14.2-x86_64-1.txz: OK
indexing package /home/chip/Testing_repository_x64/kde4/dolphin-plugins-4.14.2-x86_64-1.txz: OK
indexing package /home/chip/Testing_repository_x64/kde4/kajongg-4.14.2-x86_64-1.txz: OK
indexing package /home/chip/Testing_repository_x64/base/file-5.35-x86_64-1.txz: OK
indexing package /home/chip/Testing_repository_x64/base/bash-5.0-x86_64-1.txz: OK
indexing package /home/chip/Testing_repository_x64/drugie/yasm-1.2.0-x86_64-2.txz: OK
indexing package /home/chip/Testing_repository_x64/drugie/yasm-1.3.0-x86_64-2.txz: OK
